<?xml version="1.0" encoding="UTF-8"?>
<testng-results ignored="0" total="1" passed="1" failed="0" skipped="0">
  <reporter-output>
  </reporter-output>
  <suite started-at="2023-07-03T00:39:45 CDT" name="Default suite" finished-at="2023-07-03T00:40:04 CDT" duration-ms="18947">
    <groups>
    </groups>
    <test started-at="2023-07-03T00:39:45 CDT" name="Default test" finished-at="2023-07-03T00:40:04 CDT" duration-ms="18947">
      <class name="Gpack.GoogleReview">
        <test-method signature="login()[pri:0, instance:Gpack.GoogleReview@644baf4a]" started-at="2023-07-03T00:39:45 CDT" name="login" finished-at="2023-07-03T00:40:04 CDT" duration-ms="18819" status="PASS">
          <reporter-output>
          </reporter-output>
        </test-method> <!-- login -->
      </class> <!-- Gpack.GoogleReview -->
    </test> <!-- Default test -->
  </suite> <!-- Default suite -->
</testng-results>
